<?xml version="1.0" encoding="UTF-8"?>
<!-- Generated by org.testng.reporters.JUnitReportReporter -->
<testsuite hostname="LAPTOP-VKAG1RPA" failures="0" tests="4" name="com.extraPOSTest.testCases.inventory.maintenance.TC_UoM" time="14.550" errors="0" timestamp="2021-03-11T12:39:26 IST" skipped="1">
  <testcase classname="com.extraPOSTest.testCases.inventory.maintenance.TC_UoM" name="selectALL_forUomCode" time="5.098"/>
  <system-out/>
  <testcase classname="com.extraPOSTest.testCases.inventory.maintenance.TC_UoM" name="createUomCode" time="4.847"/>
  <system-out/>
  <testcase classname="com.extraPOSTest.testCases.inventory.maintenance.TC_UoM" name="createUomCode" time="4.605"/>
  <system-out/>
  <testcase classname="com.extraPOSTest.testCases.inventory.maintenance.TC_UoM" name="searchUom">
    <skipped/>
  </testcase> <!-- searchUom -->
  <system-out/>
</testsuite> <!-- com.extraPOSTest.testCases.inventory.maintenance.TC_UoM -->
